<?xml version="1.0" encoding="UTF-8"?>
<!-- Generated by org.testng.reporters.JUnitReportReporter -->
<testsuite skipped="0" hostname="sri-PC" name="testScripts.GmailTestScript" tests="1" failures="0" timestamp="12 Dec 2019 04:44:30 GMT" time="78.898" errors="0">
  <testcase name="testGmail" time="78.898" classname="testScripts.GmailTestScript"/>
</testsuite> <!-- testScripts.GmailTestScript -->
